<?xml version="1.0" encoding="UTF-8"?>
<!-- Generated by org.testng.reporters.JUnitXMLReporter -->
<testsuite ignored="0" hostname="Dvs" failures="1" tests="2" name="Test" time="73.917" errors="0" timestamp="23 Apr 2020 03:22:32 GMT">
  <testcase classname="com.testscripts.createVendorTest" name="createVendor" time="29.948"/>
  <testcase classname="com.testscripts.CreateProductTest" name="products" time="0.002">
    <failure type="java.lang.NullPointerException">
      <![CDATA[java.lang.NullPointerException
at com.testscripts.createVendorTest.createVendor(createVendorTest.java:23)
at com.testscripts.CreateProductTest.products(CreateProductTest.java:25)
... Removed 25 stack frames]]>
    </failure>
  </testcase> <!-- products -->
</testsuite> <!-- Test -->
